*** Starting uWSGI 2.0.18 (64bit) on [Mon Apr  6 17:07:19 2020] ***
compiled with version: 9.2.1 20191008 on 06 April 2020 05:25:58
os: Linux-5.3.0-45-generic #37-Ubuntu SMP Thu Mar 26 20:41:27 UTC 2020
nodename: clown-virtual-machine
machine: x86_64
clock source: unix
pcre jit disabled
detected number of CPU cores: 1
current working directory: /home/clown/bookmanager/dailyfresh
writing pidfile to uwsgi2.pid
detected binary path: /home/clown/.local/bin/uwsgi
chdir() to /home/clown/bookmanager/dailyfresh
your processes number limit is 11640
your memory page size is 4096 bytes
detected max file descriptor number: 1048576
lock engine: pthread robust mutexes
thunder lock: disabled (you can enable it with --thunder-lock)
uwsgi socket 0 bound to TCP address 192.168.0.106:8081 fd 3
Python version: 3.7.5 (default, Nov 20 2019, 09:21:52)  [GCC 9.2.1 20191008]
PEP 405 virtualenv detected: /home/clown/.virtualenvs/dailyfresh
Set PythonHome to /home/clown/.virtualenvs/dailyfresh
Python main interpreter initialized at 0x555df2ac3950
python threads support enabled
your server socket listen backlog is limited to 100 connections
your mercy for graceful operations on workers is 60 seconds
mapped 416880 bytes (407 KB) for 8 cores
*** Operational MODE: preforking+threaded ***
WSGI app 0 (mountpoint='') ready in 0 seconds on interpreter 0x555df2ac3950 pid: 88015 (default app)
*** uWSGI is running in multiple interpreter mode ***
spawned uWSGI master process (pid: 88015)
spawned uWSGI worker 1 (pid: 88017, cores: 2)
spawned uWSGI worker 2 (pid: 88018, cores: 2)
spawned uWSGI worker 3 (pid: 88019, cores: 2)
spawned uWSGI worker 4 (pid: 88020, cores: 2)
